<?xml version="1.0" encoding="UTF-8"?>
<!-- Generated by org.testng.reporters.JUnitReportReporter -->
<testsuite hostname="Chandan" failures="0" tests="3" name="Day44.Paymenttests" time="0.072" errors="0" timestamp="2024-12-08T14:53:45 IST" skipped="0">
  <testcase classname="Day44.Paymenttests" name="paymentbyphone" time="0.014"/>
  <system-out/>
  <testcase classname="Day44.Paymenttests" name="paymentbymobile" time="0.040"/>
  <system-out/>
  <testcase classname="Day44.Paymenttests" name="paymentbyemail" time="0.018"/>
  <system-out/>
</testsuite> <!-- Day44.Paymenttests -->
