<?xml version="1.0" encoding="UTF-8"?>
<!-- Generated by org.testng.reporters.JUnitReportReporter -->
<testsuite hostname="Chandan" failures="0" tests="3" name="Day44.Logintest" time="0.026" errors="0" timestamp="2024-12-08T14:53:45 IST" skipped="0">
  <testcase classname="Day44.Logintest" name="loginupbyemail" time="0.017"/>
  <system-out/>
  <testcase classname="Day44.Logintest" name="loginupbyfacebook" time="0.006"/>
  <system-out/>
  <testcase classname="Day44.Logintest" name="loginupbytwitter" time="0.003"/>
  <system-out/>
</testsuite> <!-- Day44.Logintest -->
