<?xml version="1.0" encoding="UTF-8"?>
<!-- Generated by org.testng.reporters.JUnitReportReporter -->
<testsuite hostname="Chandan" failures="0" tests="6" name="Day45.Paralleltests" time="2.599" errors="0" timestamp="2024-12-09T10:09:46 IST" skipped="0">
  <testcase classname="Day45.Paralleltests" name="testlogo" time="0.070"/>
  <system-out/>
  <testcase classname="Day45.Paralleltests" name="testlogo" time="0.055"/>
  <system-out/>
  <testcase classname="Day45.Paralleltests" name="testitle" time="0.027"/>
  <system-out/>
  <testcase classname="Day45.Paralleltests" name="testitle" time="0.022"/>
  <system-out/>
  <testcase classname="Day45.Paralleltests" name="tearDown" time="0.399"/>
  <system-out/>
  <testcase classname="Day45.Paralleltests" name="tearDown" time="2.026"/>
  <system-out/>
</testsuite> <!-- Day45.Paralleltests -->
