<?xml version="1.0" encoding="UTF-8"?>
<!-- Generated by org.testng.reporters.JUnitReportReporter -->
<testsuite hostname="Chandan" failures="0" tests="3" name="Day44.Signuptests" time="0.010" errors="0" timestamp="2024-12-09T20:05:06 IST" skipped="0">
  <testcase classname="Day44.Signuptests" name="signupbyfacebook" time="0.007"/>
  <system-out/>
  <testcase classname="Day44.Signuptests" name="signupbyemail" time="0.002"/>
  <system-out/>
  <testcase classname="Day44.Signuptests" name="signupbytwitter" time="0.001"/>
  <system-out/>
</testsuite> <!-- Day44.Signuptests -->
